<?xml version="1.0" encoding="UTF-8"?>
<testsuite xmlns:xsi="http://www.w3.org/2001/XMLSchema-instance" xsi:noNamespaceSchemaLocation="https://maven.apache.org/surefire/maven-surefire-plugin/xsd/surefire-test-report.xsd" name="com.sbaldass.combo.ComboApplicationTests" time="8.446" tests="1" errors="0" skipped="0" failures="0">
  <properties>
    <property name="java.specification.version" value="17"/>
    <property name="sun.cpu.isalist" value="amd64"/>
    <property name="sun.jnu.encoding" value="Cp1252"/>
    <property name="java.class.path" value="C:\Users\Samuel Baldasso\IdeaProjects\combo\target\test-classes;C:\Users\Samuel Baldasso\IdeaProjects\combo\target\classes;C:\Users\Samuel Baldasso\.m2\repository\org\springframework\boot\spring-boot-starter-data-jpa\2.6.10\spring-boot-starter-data-jpa-2.6.10.jar;C:\Users\Samuel Baldasso\.m2\repository\org\springframework\boot\spring-boot-starter-aop\2.6.10\spring-boot-starter-aop-2.6.10.jar;C:\Users\Samuel Baldasso\.m2\repository\org\aspectj\aspectjweaver\1.9.7\aspectjweaver-1.9.7.jar;C:\Users\Samuel Baldasso\.m2\repository\org\springframework\boot\spring-boot-starter-jdbc\2.6.10\spring-boot-starter-jdbc-2.6.10.jar;C:\Users\Samuel Baldasso\.m2\repository\com\zaxxer\HikariCP\4.0.3\HikariCP-4.0.3.jar;C:\Users\Samuel Baldasso\.m2\repository\org\springframework\spring-jdbc\5.3.22\spring-jdbc-5.3.22.jar;C:\Users\Samuel Baldasso\.m2\repository\jakarta\transaction\jakarta.transaction-api\1.3.3\jakarta.transaction-api-1.3.3.jar;C:\Users\Samuel Baldasso\.m2\repository\jakarta\persistence\jakarta.persistence-api\2.2.3\jakarta.persistence-api-2.2.3.jar;C:\Users\Samuel Baldasso\.m2\repository\org\hibernate\hibernate-core\5.6.10.Final\hibernate-core-5.6.10.Final.jar;C:\Users\Samuel Baldasso\.m2\repository\org\jboss\logging\jboss-logging\3.4.3.Final\jboss-logging-3.4.3.Final.jar;C:\Users\Samuel Baldasso\.m2\repository\net\bytebuddy\byte-buddy\1.11.22\byte-buddy-1.11.22.jar;C:\Users\Samuel Baldasso\.m2\repository\antlr\antlr\2.7.7\antlr-2.7.7.jar;C:\Users\Samuel Baldasso\.m2\repository\org\jboss\jandex\2.4.2.Final\jandex-2.4.2.Final.jar;C:\Users\Samuel Baldasso\.m2\repository\org\hibernate\common\hibernate-commons-annotations\5.1.2.Final\hibernate-commons-annotations-5.1.2.Final.jar;C:\Users\Samuel Baldasso\.m2\repository\org\glassfish\jaxb\jaxb-runtime\2.3.6\jaxb-runtime-2.3.6.jar;C:\Users\Samuel Baldasso\.m2\repository\org\glassfish\jaxb\txw2\2.3.6\txw2-2.3.6.jar;C:\Users\Samuel Baldasso\.m2\repository\com\sun\istack\istack-commons-runtime\3.0.12\istack-commons-runtime-3.0.12.jar;C:\Users\Samuel Baldasso\.m2\repository\com\sun\activation\jakarta.activation\1.2.2\jakarta.activation-1.2.2.jar;C:\Users\Samuel Baldasso\.m2\repository\org\springframework\data\spring-data-jpa\2.6.6\spring-data-jpa-2.6.6.jar;C:\Users\Samuel Baldasso\.m2\repository\org\springframework\data\spring-data-commons\2.6.6\spring-data-commons-2.6.6.jar;C:\Users\Samuel Baldasso\.m2\repository\org\springframework\spring-orm\5.3.22\spring-orm-5.3.22.jar;C:\Users\Samuel Baldasso\.m2\repository\org\springframework\spring-context\5.3.22\spring-context-5.3.22.jar;C:\Users\Samuel Baldasso\.m2\repository\org\springframework\spring-tx\5.3.22\spring-tx-5.3.22.jar;C:\Users\Samuel Baldasso\.m2\repository\org\springframework\spring-beans\5.3.22\spring-beans-5.3.22.jar;C:\Users\Samuel Baldasso\.m2\repository\org\springframework\spring-aspects\5.3.22\spring-aspects-5.3.22.jar;C:\Users\Samuel Baldasso\.m2\repository\org\postgresql\postgresql\42.6.0\postgresql-42.6.0.jar;C:\Users\Samuel Baldasso\.m2\repository\org\checkerframework\checker-qual\3.31.0\checker-qual-3.31.0.jar;C:\Users\Samuel Baldasso\.m2\repository\org\springframework\boot\spring-boot-starter-security\2.6.10\spring-boot-starter-security-2.6.10.jar;C:\Users\Samuel Baldasso\.m2\repository\org\springframework\boot\spring-boot-starter\2.6.10\spring-boot-starter-2.6.10.jar;C:\Users\Samuel Baldasso\.m2\repository\org\springframework\boot\spring-boot-starter-logging\2.6.10\spring-boot-starter-logging-2.6.10.jar;C:\Users\Samuel Baldasso\.m2\repository\ch\qos\logback\logback-classic\1.2.11\logback-classic-1.2.11.jar;C:\Users\Samuel Baldasso\.m2\repository\ch\qos\logback\logback-core\1.2.11\logback-core-1.2.11.jar;C:\Users\Samuel Baldasso\.m2\repository\org\apache\logging\log4j\log4j-to-slf4j\2.17.2\log4j-to-slf4j-2.17.2.jar;C:\Users\Samuel Baldasso\.m2\repository\org\apache\logging\log4j\log4j-api\2.17.2\log4j-api-2.17.2.jar;C:\Users\Samuel Baldasso\.m2\repository\org\slf4j\jul-to-slf4j\1.7.36\jul-to-slf4j-1.7.36.jar;C:\Users\Samuel Baldasso\.m2\repository\jakarta\annotation\jakarta.annotation-api\1.3.5\jakarta.annotation-api-1.3.5.jar;C:\Users\Samuel Baldasso\.m2\repository\org\yaml\snakeyaml\1.29\snakeyaml-1.29.jar;C:\Users\Samuel Baldasso\.m2\repository\org\springframework\spring-aop\5.3.22\spring-aop-5.3.22.jar;C:\Users\Samuel Baldasso\.m2\repository\org\springframework\security\spring-security-config\5.6.6\spring-security-config-5.6.6.jar;C:\Users\Samuel Baldasso\.m2\repository\org\springframework\security\spring-security-web\5.6.6\spring-security-web-5.6.6.jar;C:\Users\Samuel Baldasso\.m2\repository\org\springframework\spring-expression\5.3.22\spring-expression-5.3.22.jar;C:\Users\Samuel Baldasso\.m2\repository\org\springframework\boot\spring-boot-starter-web\2.6.10\spring-boot-starter-web-2.6.10.jar;C:\Users\Samuel Baldasso\.m2\repository\org\springframework\boot\spring-boot-starter-json\2.6.10\spring-boot-starter-json-2.6.10.jar;C:\Users\Samuel Baldasso\.m2\repository\com\fasterxml\jackson\datatype\jackson-datatype-jdk8\2.13.3\jackson-datatype-jdk8-2.13.3.jar;C:\Users\Samuel Baldasso\.m2\repository\com\fasterxml\jackson\datatype\jackson-datatype-jsr310\2.13.3\jackson-datatype-jsr310-2.13.3.jar;C:\Users\Samuel Baldasso\.m2\repository\com\fasterxml\jackson\module\jackson-module-parameter-names\2.13.3\jackson-module-parameter-names-2.13.3.jar;C:\Users\Samuel Baldasso\.m2\repository\org\springframework\boot\spring-boot-starter-tomcat\2.6.10\spring-boot-starter-tomcat-2.6.10.jar;C:\Users\Samuel Baldasso\.m2\repository\org\apache\tomcat\embed\tomcat-embed-core\9.0.65\tomcat-embed-core-9.0.65.jar;C:\Users\Samuel Baldasso\.m2\repository\org\apache\tomcat\embed\tomcat-embed-websocket\9.0.65\tomcat-embed-websocket-9.0.65.jar;C:\Users\Samuel Baldasso\.m2\repository\org\springframework\spring-web\5.3.22\spring-web-5.3.22.jar;C:\Users\Samuel Baldasso\.m2\repository\org\springframework\spring-webmvc\5.3.22\spring-webmvc-5.3.22.jar;C:\Users\Samuel Baldasso\.m2\repository\org\springframework\boot\spring-boot-devtools\2.6.10\spring-boot-devtools-2.6.10.jar;C:\Users\Samuel Baldasso\.m2\repository\org\springframework\boot\spring-boot\2.6.10\spring-boot-2.6.10.jar;C:\Users\Samuel Baldasso\.m2\repository\org\springframework\boot\spring-boot-autoconfigure\2.6.10\spring-boot-autoconfigure-2.6.10.jar;C:\Users\Samuel Baldasso\.m2\repository\org\projectlombok\lombok\1.18.24\lombok-1.18.24.jar;C:\Users\Samuel Baldasso\.m2\repository\org\springframework\boot\spring-boot-starter-validation\2.6.10\spring-boot-starter-validation-2.6.10.jar;C:\Users\Samuel Baldasso\.m2\repository\org\apache\tomcat\embed\tomcat-embed-el\9.0.65\tomcat-embed-el-9.0.65.jar;C:\Users\Samuel Baldasso\.m2\repository\org\hibernate\validator\hibernate-validator\6.2.3.Final\hibernate-validator-6.2.3.Final.jar;C:\Users\Samuel Baldasso\.m2\repository\jakarta\validation\jakarta.validation-api\2.0.2\jakarta.validation-api-2.0.2.jar;C:\Users\Samuel Baldasso\.m2\repository\io\jsonwebtoken\jjwt\0.9.1\jjwt-0.9.1.jar;C:\Users\Samuel Baldasso\.m2\repository\com\fasterxml\jackson\core\jackson-databind\2.13.3\jackson-databind-2.13.3.jar;C:\Users\Samuel Baldasso\.m2\repository\com\fasterxml\jackson\core\jackson-annotations\2.13.3\jackson-annotations-2.13.3.jar;C:\Users\Samuel Baldasso\.m2\repository\com\fasterxml\jackson\core\jackson-core\2.13.3\jackson-core-2.13.3.jar;C:\Users\Samuel Baldasso\.m2\repository\javax\xml\bind\jaxb-api\2.3.0\jaxb-api-2.3.0.jar;C:\Users\Samuel Baldasso\.m2\repository\org\springframework\boot\spring-boot-starter-test\2.6.10\spring-boot-starter-test-2.6.10.jar;C:\Users\Samuel Baldasso\.m2\repository\org\springframework\boot\spring-boot-test\2.6.10\spring-boot-test-2.6.10.jar;C:\Users\Samuel Baldasso\.m2\repository\org\springframework\boot\spring-boot-test-autoconfigure\2.6.10\spring-boot-test-autoconfigure-2.6.10.jar;C:\Users\Samuel Baldasso\.m2\repository\com\jayway\jsonpath\json-path\2.6.0\json-path-2.6.0.jar;C:\Users\Samuel Baldasso\.m2\repository\net\minidev\json-smart\2.4.8\json-smart-2.4.8.jar;C:\Users\Samuel Baldasso\.m2\repository\net\minidev\accessors-smart\2.4.8\accessors-smart-2.4.8.jar;C:\Users\Samuel Baldasso\.m2\repository\org\ow2\asm\asm\9.1\asm-9.1.jar;C:\Users\Samuel Baldasso\.m2\repository\jakarta\xml\bind\jakarta.xml.bind-api\2.3.3\jakarta.xml.bind-api-2.3.3.jar;C:\Users\Samuel Baldasso\.m2\repository\jakarta\activation\jakarta.activation-api\1.2.2\jakarta.activation-api-1.2.2.jar;C:\Users\Samuel Baldasso\.m2\repository\org\assertj\assertj-core\3.21.0\assertj-core-3.21.0.jar;C:\Users\Samuel Baldasso\.m2\repository\org\hamcrest\hamcrest\2.2\hamcrest-2.2.jar;C:\Users\Samuel Baldasso\.m2\repository\org\junit\jupiter\junit-jupiter\5.8.2\junit-jupiter-5.8.2.jar;C:\Users\Samuel Baldasso\.m2\repository\org\junit\jupiter\junit-jupiter-api\5.8.2\junit-jupiter-api-5.8.2.jar;C:\Users\Samuel Baldasso\.m2\repository\org\opentest4j\opentest4j\1.2.0\opentest4j-1.2.0.jar;C:\Users\Samuel Baldasso\.m2\repository\org\junit\platform\junit-platform-commons\1.8.2\junit-platform-commons-1.8.2.jar;C:\Users\Samuel Baldasso\.m2\repository\org\apiguardian\apiguardian-api\1.1.2\apiguardian-api-1.1.2.jar;C:\Users\Samuel Baldasso\.m2\repository\org\junit\jupiter\junit-jupiter-params\5.8.2\junit-jupiter-params-5.8.2.jar;C:\Users\Samuel Baldasso\.m2\repository\org\junit\jupiter\junit-jupiter-engine\5.8.2\junit-jupiter-engine-5.8.2.jar;C:\Users\Samuel Baldasso\.m2\repository\org\junit\platform\junit-platform-engine\1.8.2\junit-platform-engine-1.8.2.jar;C:\Users\Samuel Baldasso\.m2\repository\org\mockito\mockito-core\4.0.0\mockito-core-4.0.0.jar;C:\Users\Samuel Baldasso\.m2\repository\net\bytebuddy\byte-buddy-agent\1.11.22\byte-buddy-agent-1.11.22.jar;C:\Users\Samuel Baldasso\.m2\repository\org\objenesis\objenesis\3.2\objenesis-3.2.jar;C:\Users\Samuel Baldasso\.m2\repository\org\mockito\mockito-junit-jupiter\4.0.0\mockito-junit-jupiter-4.0.0.jar;C:\Users\Samuel Baldasso\.m2\repository\org\skyscreamer\jsonassert\1.5.1\jsonassert-1.5.1.jar;C:\Users\Samuel Baldasso\.m2\repository\com\vaadin\external\google\android-json\0.0.20131108.vaadin1\android-json-0.0.20131108.vaadin1.jar;C:\Users\Samuel Baldasso\.m2\repository\org\springframework\spring-core\5.3.22\spring-core-5.3.22.jar;C:\Users\Samuel Baldasso\.m2\repository\org\springframework\spring-jcl\5.3.22\spring-jcl-5.3.22.jar;C:\Users\Samuel Baldasso\.m2\repository\org\springframework\spring-test\5.3.22\spring-test-5.3.22.jar;C:\Users\Samuel Baldasso\.m2\repository\org\xmlunit\xmlunit-core\2.8.4\xmlunit-core-2.8.4.jar;C:\Users\Samuel Baldasso\.m2\repository\org\springframework\security\spring-security-test\5.6.6\spring-security-test-5.6.6.jar;C:\Users\Samuel Baldasso\.m2\repository\org\springframework\security\spring-security-core\5.6.6\spring-security-core-5.6.6.jar;C:\Users\Samuel Baldasso\.m2\repository\org\springframework\security\spring-security-crypto\5.6.6\spring-security-crypto-5.6.6.jar;C:\Users\Samuel Baldasso\.m2\repository\io\springfox\springfox-boot-starter\3.0.0\springfox-boot-starter-3.0.0.jar;C:\Users\Samuel Baldasso\.m2\repository\io\springfox\springfox-oas\3.0.0\springfox-oas-3.0.0.jar;C:\Users\Samuel Baldasso\.m2\repository\io\swagger\core\v3\swagger-annotations\2.1.2\swagger-annotations-2.1.2.jar;C:\Users\Samuel Baldasso\.m2\repository\io\swagger\core\v3\swagger-models\2.1.2\swagger-models-2.1.2.jar;C:\Users\Samuel Baldasso\.m2\repository\io\springfox\springfox-spi\3.0.0\springfox-spi-3.0.0.jar;C:\Users\Samuel Baldasso\.m2\repository\io\springfox\springfox-schema\3.0.0\springfox-schema-3.0.0.jar;C:\Users\Samuel Baldasso\.m2\repository\io\springfox\springfox-core\3.0.0\springfox-core-3.0.0.jar;C:\Users\Samuel Baldasso\.m2\repository\io\springfox\springfox-spring-web\3.0.0\springfox-spring-web-3.0.0.jar;C:\Users\Samuel Baldasso\.m2\repository\io\github\classgraph\classgraph\4.8.83\classgraph-4.8.83.jar;C:\Users\Samuel Baldasso\.m2\repository\io\springfox\springfox-spring-webmvc\3.0.0\springfox-spring-webmvc-3.0.0.jar;C:\Users\Samuel Baldasso\.m2\repository\io\springfox\springfox-spring-webflux\3.0.0\springfox-spring-webflux-3.0.0.jar;C:\Users\Samuel Baldasso\.m2\repository\io\springfox\springfox-swagger-common\3.0.0\springfox-swagger-common-3.0.0.jar;C:\Users\Samuel Baldasso\.m2\repository\org\mapstruct\mapstruct\1.3.1.Final\mapstruct-1.3.1.Final.jar;C:\Users\Samuel Baldasso\.m2\repository\io\springfox\springfox-data-rest\3.0.0\springfox-data-rest-3.0.0.jar;C:\Users\Samuel Baldasso\.m2\repository\io\springfox\springfox-bean-validators\3.0.0\springfox-bean-validators-3.0.0.jar;C:\Users\Samuel Baldasso\.m2\repository\io\springfox\springfox-swagger2\3.0.0\springfox-swagger2-3.0.0.jar;C:\Users\Samuel Baldasso\.m2\repository\io\swagger\swagger-annotations\1.5.20\swagger-annotations-1.5.20.jar;C:\Users\Samuel Baldasso\.m2\repository\io\swagger\swagger-models\1.5.20\swagger-models-1.5.20.jar;C:\Users\Samuel Baldasso\.m2\repository\io\springfox\springfox-swagger-ui\3.0.0\springfox-swagger-ui-3.0.0.jar;C:\Users\Samuel Baldasso\.m2\repository\com\fasterxml\classmate\1.5.1\classmate-1.5.1.jar;C:\Users\Samuel Baldasso\.m2\repository\org\slf4j\slf4j-api\1.7.36\slf4j-api-1.7.36.jar;C:\Users\Samuel Baldasso\.m2\repository\org\springframework\plugin\spring-plugin-core\2.0.0.RELEASE\spring-plugin-core-2.0.0.RELEASE.jar;C:\Users\Samuel Baldasso\.m2\repository\org\springframework\plugin\spring-plugin-metadata\2.0.0.RELEASE\spring-plugin-metadata-2.0.0.RELEASE.jar;C:\Users\Samuel Baldasso\.m2\repository\jakarta\servlet\jakarta.servlet-api\4.0.4\jakarta.servlet-api-4.0.4.jar;"/>
    <property name="java.vm.vendor" value="Oracle Corporation"/>
    <property name="sun.arch.data.model" value="64"/>
    <property name="user.variant" value=""/>
    <property name="java.vendor.url" value="https://java.oracle.com/"/>
    <property name="user.timezone" value="America/Sao_Paulo"/>
    <property name="os.name" value="Windows 10"/>
    <property name="java.vm.specification.version" value="17"/>
    <property name="sun.java.launcher" value="SUN_STANDARD"/>
    <property name="user.country" value="BR"/>
    <property name="sun.boot.library.path" value="C:\Program Files\Java\jdk-17\bin"/>
    <property name="sun.java.command" value="C:\Users\SAMUEL~1\AppData\Local\Temp\surefire812601823729956623\surefirebooter3058996027762672228.jar C:\Users\Samuel Baldasso\AppData\Local\Temp\surefire812601823729956623 2023-12-06T16-37-03_079-jvmRun1 surefire16386206819053843932tmp surefire_05109722556575617025tmp"/>
    <property name="jdk.debug" value="release"/>
    <property name="surefire.test.class.path" value="C:\Users\Samuel Baldasso\IdeaProjects\combo\target\test-classes;C:\Users\Samuel Baldasso\IdeaProjects\combo\target\classes;C:\Users\Samuel Baldasso\.m2\repository\org\springframework\boot\spring-boot-starter-data-jpa\2.6.10\spring-boot-starter-data-jpa-2.6.10.jar;C:\Users\Samuel Baldasso\.m2\repository\org\springframework\boot\spring-boot-starter-aop\2.6.10\spring-boot-starter-aop-2.6.10.jar;C:\Users\Samuel Baldasso\.m2\repository\org\aspectj\aspectjweaver\1.9.7\aspectjweaver-1.9.7.jar;C:\Users\Samuel Baldasso\.m2\repository\org\springframework\boot\spring-boot-starter-jdbc\2.6.10\spring-boot-starter-jdbc-2.6.10.jar;C:\Users\Samuel Baldasso\.m2\repository\com\zaxxer\HikariCP\4.0.3\HikariCP-4.0.3.jar;C:\Users\Samuel Baldasso\.m2\repository\org\springframework\spring-jdbc\5.3.22\spring-jdbc-5.3.22.jar;C:\Users\Samuel Baldasso\.m2\repository\jakarta\transaction\jakarta.transaction-api\1.3.3\jakarta.transaction-api-1.3.3.jar;C:\Users\Samuel Baldasso\.m2\repository\jakarta\persistence\jakarta.persistence-api\2.2.3\jakarta.persistence-api-2.2.3.jar;C:\Users\Samuel Baldasso\.m2\repository\org\hibernate\hibernate-core\5.6.10.Final\hibernate-core-5.6.10.Final.jar;C:\Users\Samuel Baldasso\.m2\repository\org\jboss\logging\jboss-logging\3.4.3.Final\jboss-logging-3.4.3.Final.jar;C:\Users\Samuel Baldasso\.m2\repository\net\bytebuddy\byte-buddy\1.11.22\byte-buddy-1.11.22.jar;C:\Users\Samuel Baldasso\.m2\repository\antlr\antlr\2.7.7\antlr-2.7.7.jar;C:\Users\Samuel Baldasso\.m2\repository\org\jboss\jandex\2.4.2.Final\jandex-2.4.2.Final.jar;C:\Users\Samuel Baldasso\.m2\repository\org\hibernate\common\hibernate-commons-annotations\5.1.2.Final\hibernate-commons-annotations-5.1.2.Final.jar;C:\Users\Samuel Baldasso\.m2\repository\org\glassfish\jaxb\jaxb-runtime\2.3.6\jaxb-runtime-2.3.6.jar;C:\Users\Samuel Baldasso\.m2\repository\org\glassfish\jaxb\txw2\2.3.6\txw2-2.3.6.jar;C:\Users\Samuel Baldasso\.m2\repository\com\sun\istack\istack-commons-runtime\3.0.12\istack-commons-runtime-3.0.12.jar;C:\Users\Samuel Baldasso\.m2\repository\com\sun\activation\jakarta.activation\1.2.2\jakarta.activation-1.2.2.jar;C:\Users\Samuel Baldasso\.m2\repository\org\springframework\data\spring-data-jpa\2.6.6\spring-data-jpa-2.6.6.jar;C:\Users\Samuel Baldasso\.m2\repository\org\springframework\data\spring-data-commons\2.6.6\spring-data-commons-2.6.6.jar;C:\Users\Samuel Baldasso\.m2\repository\org\springframework\spring-orm\5.3.22\spring-orm-5.3.22.jar;C:\Users\Samuel Baldasso\.m2\repository\org\springframework\spring-context\5.3.22\spring-context-5.3.22.jar;C:\Users\Samuel Baldasso\.m2\repository\org\springframework\spring-tx\5.3.22\spring-tx-5.3.22.jar;C:\Users\Samuel Baldasso\.m2\repository\org\springframework\spring-beans\5.3.22\spring-beans-5.3.22.jar;C:\Users\Samuel Baldasso\.m2\repository\org\springframework\spring-aspects\5.3.22\spring-aspects-5.3.22.jar;C:\Users\Samuel Baldasso\.m2\repository\org\postgresql\postgresql\42.6.0\postgresql-42.6.0.jar;C:\Users\Samuel Baldasso\.m2\repository\org\checkerframework\checker-qual\3.31.0\checker-qual-3.31.0.jar;C:\Users\Samuel Baldasso\.m2\repository\org\springframework\boot\spring-boot-starter-security\2.6.10\spring-boot-starter-security-2.6.10.jar;C:\Users\Samuel Baldasso\.m2\repository\org\springframework\boot\spring-boot-starter\2.6.10\spring-boot-starter-2.6.10.jar;C:\Users\Samuel Baldasso\.m2\repository\org\springframework\boot\spring-boot-starter-logging\2.6.10\spring-boot-starter-logging-2.6.10.jar;C:\Users\Samuel Baldasso\.m2\repository\ch\qos\logback\logback-classic\1.2.11\logback-classic-1.2.11.jar;C:\Users\Samuel Baldasso\.m2\repository\ch\qos\logback\logback-core\1.2.11\logback-core-1.2.11.jar;C:\Users\Samuel Baldasso\.m2\repository\org\apache\logging\log4j\log4j-to-slf4j\2.17.2\log4j-to-slf4j-2.17.2.jar;C:\Users\Samuel Baldasso\.m2\repository\org\apache\logging\log4j\log4j-api\2.17.2\log4j-api-2.17.2.jar;C:\Users\Samuel Baldasso\.m2\repository\org\slf4j\jul-to-slf4j\1.7.36\jul-to-slf4j-1.7.36.jar;C:\Users\Samuel Baldasso\.m2\repository\jakarta\annotation\jakarta.annotation-api\1.3.5\jakarta.annotation-api-1.3.5.jar;C:\Users\Samuel Baldasso\.m2\repository\org\yaml\snakeyaml\1.29\snakeyaml-1.29.jar;C:\Users\Samuel Baldasso\.m2\repository\org\springframework\spring-aop\5.3.22\spring-aop-5.3.22.jar;C:\Users\Samuel Baldasso\.m2\repository\org\springframework\security\spring-security-config\5.6.6\spring-security-config-5.6.6.jar;C:\Users\Samuel Baldasso\.m2\repository\org\springframework\security\spring-security-web\5.6.6\spring-security-web-5.6.6.jar;C:\Users\Samuel Baldasso\.m2\repository\org\springframework\spring-expression\5.3.22\spring-expression-5.3.22.jar;C:\Users\Samuel Baldasso\.m2\repository\org\springframework\boot\spring-boot-starter-web\2.6.10\spring-boot-starter-web-2.6.10.jar;C:\Users\Samuel Baldasso\.m2\repository\org\springframework\boot\spring-boot-starter-json\2.6.10\spring-boot-starter-json-2.6.10.jar;C:\Users\Samuel Baldasso\.m2\repository\com\fasterxml\jackson\datatype\jackson-datatype-jdk8\2.13.3\jackson-datatype-jdk8-2.13.3.jar;C:\Users\Samuel Baldasso\.m2\repository\com\fasterxml\jackson\datatype\jackson-datatype-jsr310\2.13.3\jackson-datatype-jsr310-2.13.3.jar;C:\Users\Samuel Baldasso\.m2\repository\com\fasterxml\jackson\module\jackson-module-parameter-names\2.13.3\jackson-module-parameter-names-2.13.3.jar;C:\Users\Samuel Baldasso\.m2\repository\org\springframework\boot\spring-boot-starter-tomcat\2.6.10\spring-boot-starter-tomcat-2.6.10.jar;C:\Users\Samuel Baldasso\.m2\repository\org\apache\tomcat\embed\tomcat-embed-core\9.0.65\tomcat-embed-core-9.0.65.jar;C:\Users\Samuel Baldasso\.m2\repository\org\apache\tomcat\embed\tomcat-embed-websocket\9.0.65\tomcat-embed-websocket-9.0.65.jar;C:\Users\Samuel Baldasso\.m2\repository\org\springframework\spring-web\5.3.22\spring-web-5.3.22.jar;C:\Users\Samuel Baldasso\.m2\repository\org\springframework\spring-webmvc\5.3.22\spring-webmvc-5.3.22.jar;C:\Users\Samuel Baldasso\.m2\repository\org\springframework\boot\spring-boot-devtools\2.6.10\spring-boot-devtools-2.6.10.jar;C:\Users\Samuel Baldasso\.m2\repository\org\springframework\boot\spring-boot\2.6.10\spring-boot-2.6.10.jar;C:\Users\Samuel Baldasso\.m2\repository\org\springframework\boot\spring-boot-autoconfigure\2.6.10\spring-boot-autoconfigure-2.6.10.jar;C:\Users\Samuel Baldasso\.m2\repository\org\projectlombok\lombok\1.18.24\lombok-1.18.24.jar;C:\Users\Samuel Baldasso\.m2\repository\org\springframework\boot\spring-boot-starter-validation\2.6.10\spring-boot-starter-validation-2.6.10.jar;C:\Users\Samuel Baldasso\.m2\repository\org\apache\tomcat\embed\tomcat-embed-el\9.0.65\tomcat-embed-el-9.0.65.jar;C:\Users\Samuel Baldasso\.m2\repository\org\hibernate\validator\hibernate-validator\6.2.3.Final\hibernate-validator-6.2.3.Final.jar;C:\Users\Samuel Baldasso\.m2\repository\jakarta\validation\jakarta.validation-api\2.0.2\jakarta.validation-api-2.0.2.jar;C:\Users\Samuel Baldasso\.m2\repository\io\jsonwebtoken\jjwt\0.9.1\jjwt-0.9.1.jar;C:\Users\Samuel Baldasso\.m2\repository\com\fasterxml\jackson\core\jackson-databind\2.13.3\jackson-databind-2.13.3.jar;C:\Users\Samuel Baldasso\.m2\repository\com\fasterxml\jackson\core\jackson-annotations\2.13.3\jackson-annotations-2.13.3.jar;C:\Users\Samuel Baldasso\.m2\repository\com\fasterxml\jackson\core\jackson-core\2.13.3\jackson-core-2.13.3.jar;C:\Users\Samuel Baldasso\.m2\repository\javax\xml\bind\jaxb-api\2.3.0\jaxb-api-2.3.0.jar;C:\Users\Samuel Baldasso\.m2\repository\org\springframework\boot\spring-boot-starter-test\2.6.10\spring-boot-starter-test-2.6.10.jar;C:\Users\Samuel Baldasso\.m2\repository\org\springframework\boot\spring-boot-test\2.6.10\spring-boot-test-2.6.10.jar;C:\Users\Samuel Baldasso\.m2\repository\org\springframework\boot\spring-boot-test-autoconfigure\2.6.10\spring-boot-test-autoconfigure-2.6.10.jar;C:\Users\Samuel Baldasso\.m2\repository\com\jayway\jsonpath\json-path\2.6.0\json-path-2.6.0.jar;C:\Users\Samuel Baldasso\.m2\repository\net\minidev\json-smart\2.4.8\json-smart-2.4.8.jar;C:\Users\Samuel Baldasso\.m2\repository\net\minidev\accessors-smart\2.4.8\accessors-smart-2.4.8.jar;C:\Users\Samuel Baldasso\.m2\repository\org\ow2\asm\asm\9.1\asm-9.1.jar;C:\Users\Samuel Baldasso\.m2\repository\jakarta\xml\bind\jakarta.xml.bind-api\2.3.3\jakarta.xml.bind-api-2.3.3.jar;C:\Users\Samuel Baldasso\.m2\repository\jakarta\activation\jakarta.activation-api\1.2.2\jakarta.activation-api-1.2.2.jar;C:\Users\Samuel Baldasso\.m2\repository\org\assertj\assertj-core\3.21.0\assertj-core-3.21.0.jar;C:\Users\Samuel Baldasso\.m2\repository\org\hamcrest\hamcrest\2.2\hamcrest-2.2.jar;C:\Users\Samuel Baldasso\.m2\repository\org\junit\jupiter\junit-jupiter\5.8.2\junit-jupiter-5.8.2.jar;C:\Users\Samuel Baldasso\.m2\repository\org\junit\jupiter\junit-jupiter-api\5.8.2\junit-jupiter-api-5.8.2.jar;C:\Users\Samuel Baldasso\.m2\repository\org\opentest4j\opentest4j\1.2.0\opentest4j-1.2.0.jar;C:\Users\Samuel Baldasso\.m2\repository\org\junit\platform\junit-platform-commons\1.8.2\junit-platform-commons-1.8.2.jar;C:\Users\Samuel Baldasso\.m2\repository\org\apiguardian\apiguardian-api\1.1.2\apiguardian-api-1.1.2.jar;C:\Users\Samuel Baldasso\.m2\repository\org\junit\jupiter\junit-jupiter-params\5.8.2\junit-jupiter-params-5.8.2.jar;C:\Users\Samuel Baldasso\.m2\repository\org\junit\jupiter\junit-jupiter-engine\5.8.2\junit-jupiter-engine-5.8.2.jar;C:\Users\Samuel Baldasso\.m2\repository\org\junit\platform\junit-platform-engine\1.8.2\junit-platform-engine-1.8.2.jar;C:\Users\Samuel Baldasso\.m2\repository\org\mockito\mockito-core\4.0.0\mockito-core-4.0.0.jar;C:\Users\Samuel Baldasso\.m2\repository\net\bytebuddy\byte-buddy-agent\1.11.22\byte-buddy-agent-1.11.22.jar;C:\Users\Samuel Baldasso\.m2\repository\org\objenesis\objenesis\3.2\objenesis-3.2.jar;C:\Users\Samuel Baldasso\.m2\repository\org\mockito\mockito-junit-jupiter\4.0.0\mockito-junit-jupiter-4.0.0.jar;C:\Users\Samuel Baldasso\.m2\repository\org\skyscreamer\jsonassert\1.5.1\jsonassert-1.5.1.jar;C:\Users\Samuel Baldasso\.m2\repository\com\vaadin\external\google\android-json\0.0.20131108.vaadin1\android-json-0.0.20131108.vaadin1.jar;C:\Users\Samuel Baldasso\.m2\repository\org\springframework\spring-core\5.3.22\spring-core-5.3.22.jar;C:\Users\Samuel Baldasso\.m2\repository\org\springframework\spring-jcl\5.3.22\spring-jcl-5.3.22.jar;C:\Users\Samuel Baldasso\.m2\repository\org\springframework\spring-test\5.3.22\spring-test-5.3.22.jar;C:\Users\Samuel Baldasso\.m2\repository\org\xmlunit\xmlunit-core\2.8.4\xmlunit-core-2.8.4.jar;C:\Users\Samuel Baldasso\.m2\repository\org\springframework\security\spring-security-test\5.6.6\spring-security-test-5.6.6.jar;C:\Users\Samuel Baldasso\.m2\repository\org\springframework\security\spring-security-core\5.6.6\spring-security-core-5.6.6.jar;C:\Users\Samuel Baldasso\.m2\repository\org\springframework\security\spring-security-crypto\5.6.6\spring-security-crypto-5.6.6.jar;C:\Users\Samuel Baldasso\.m2\repository\io\springfox\springfox-boot-starter\3.0.0\springfox-boot-starter-3.0.0.jar;C:\Users\Samuel Baldasso\.m2\repository\io\springfox\springfox-oas\3.0.0\springfox-oas-3.0.0.jar;C:\Users\Samuel Baldasso\.m2\repository\io\swagger\core\v3\swagger-annotations\2.1.2\swagger-annotations-2.1.2.jar;C:\Users\Samuel Baldasso\.m2\repository\io\swagger\core\v3\swagger-models\2.1.2\swagger-models-2.1.2.jar;C:\Users\Samuel Baldasso\.m2\repository\io\springfox\springfox-spi\3.0.0\springfox-spi-3.0.0.jar;C:\Users\Samuel Baldasso\.m2\repository\io\springfox\springfox-schema\3.0.0\springfox-schema-3.0.0.jar;C:\Users\Samuel Baldasso\.m2\repository\io\springfox\springfox-core\3.0.0\springfox-core-3.0.0.jar;C:\Users\Samuel Baldasso\.m2\repository\io\springfox\springfox-spring-web\3.0.0\springfox-spring-web-3.0.0.jar;C:\Users\Samuel Baldasso\.m2\repository\io\github\classgraph\classgraph\4.8.83\classgraph-4.8.83.jar;C:\Users\Samuel Baldasso\.m2\repository\io\springfox\springfox-spring-webmvc\3.0.0\springfox-spring-webmvc-3.0.0.jar;C:\Users\Samuel Baldasso\.m2\repository\io\springfox\springfox-spring-webflux\3.0.0\springfox-spring-webflux-3.0.0.jar;C:\Users\Samuel Baldasso\.m2\repository\io\springfox\springfox-swagger-common\3.0.0\springfox-swagger-common-3.0.0.jar;C:\Users\Samuel Baldasso\.m2\repository\org\mapstruct\mapstruct\1.3.1.Final\mapstruct-1.3.1.Final.jar;C:\Users\Samuel Baldasso\.m2\repository\io\springfox\springfox-data-rest\3.0.0\springfox-data-rest-3.0.0.jar;C:\Users\Samuel Baldasso\.m2\repository\io\springfox\springfox-bean-validators\3.0.0\springfox-bean-validators-3.0.0.jar;C:\Users\Samuel Baldasso\.m2\repository\io\springfox\springfox-swagger2\3.0.0\springfox-swagger2-3.0.0.jar;C:\Users\Samuel Baldasso\.m2\repository\io\swagger\swagger-annotations\1.5.20\swagger-annotations-1.5.20.jar;C:\Users\Samuel Baldasso\.m2\repository\io\swagger\swagger-models\1.5.20\swagger-models-1.5.20.jar;C:\Users\Samuel Baldasso\.m2\repository\io\springfox\springfox-swagger-ui\3.0.0\springfox-swagger-ui-3.0.0.jar;C:\Users\Samuel Baldasso\.m2\repository\com\fasterxml\classmate\1.5.1\classmate-1.5.1.jar;C:\Users\Samuel Baldasso\.m2\repository\org\slf4j\slf4j-api\1.7.36\slf4j-api-1.7.36.jar;C:\Users\Samuel Baldasso\.m2\repository\org\springframework\plugin\spring-plugin-core\2.0.0.RELEASE\spring-plugin-core-2.0.0.RELEASE.jar;C:\Users\Samuel Baldasso\.m2\repository\org\springframework\plugin\spring-plugin-metadata\2.0.0.RELEASE\spring-plugin-metadata-2.0.0.RELEASE.jar;C:\Users\Samuel Baldasso\.m2\repository\jakarta\servlet\jakarta.servlet-api\4.0.4\jakarta.servlet-api-4.0.4.jar;"/>
    <property name="sun.cpu.endian" value="little"/>
    <property name="user.home" value="C:\Users\Samuel Baldasso"/>
    <property name="user.language" value="pt"/>
    <property name="java.specification.vendor" value="Oracle Corporation"/>
    <property name="java.version.date" value="2023-10-17"/>
    <property name="java.home" value="C:\Program Files\Java\jdk-17"/>
    <property name="file.separator" value="\"/>
    <property name="basedir" value="C:\Users\Samuel Baldasso\IdeaProjects\combo"/>
    <property name="java.vm.compressedOopsMode" value="Zero based"/>
    <property name="line.separator" value="&#10;"/>
    <property name="java.vm.specification.vendor" value="Oracle Corporation"/>
    <property name="java.specification.name" value="Java Platform API Specification"/>
    <property name="surefire.real.class.path" value="C:\Users\SAMUEL~1\AppData\Local\Temp\surefire812601823729956623\surefirebooter3058996027762672228.jar"/>
    <property name="user.script" value=""/>
    <property name="sun.management.compiler" value="HotSpot 64-Bit Tiered Compilers"/>
    <property name="java.runtime.version" value="17.0.9+11-LTS-201"/>
    <property name="user.name" value="Samuel"/>
    <property name="path.separator" value=";"/>
    <property name="os.version" value="10.0"/>
    <property name="java.runtime.name" value="Java(TM) SE Runtime Environment"/>
    <property name="file.encoding" value="Cp1252"/>
    <property name="java.vm.name" value="Java HotSpot(TM) 64-Bit Server VM"/>
    <property name="localRepository" value="C:\Users\Samuel Baldasso\.m2\repository"/>
    <property name="java.vendor.url.bug" value="https://bugreport.java.com/bugreport/"/>
    <property name="java.io.tmpdir" value="C:\Users\SAMUEL~1\AppData\Local\Temp\"/>
    <property name="idea.version" value="2023.2.3"/>
    <property name="java.version" value="17.0.9"/>
    <property name="user.dir" value="C:\Users\Samuel Baldasso\IdeaProjects\combo"/>
    <property name="os.arch" value="amd64"/>
    <property name="java.vm.specification.name" value="Java Virtual Machine Specification"/>
    <property name="sun.os.patch.level" value=""/>
    <property name="native.encoding" value="Cp1252"/>
    <property name="java.library.path" value="C:\Program Files\Java\jdk-17\bin;C:\Windows\Sun\Java\bin;C:\Windows\system32;C:\Windows;C:\Program Files\Common Files\Oracle\Java\javapath;C:\Windows\system32;C:\Windows;C:\Windows\System32\Wbem;C:\Windows\System32\WindowsPowerShell\v1.0\;C:\Windows\System32\OpenSSH\;C:\Program Files\nodejs\;C:\Program Files\Git\cmd;%JAVA_HOME%\bin;;C:\Program Files\Docker\Docker\resources\bin;C:\Users\Samuel Baldasso\AppData\Local\Microsoft\WindowsApps;C:\Users\Samuel Baldasso\AppData\Local\Programs\Microsoft VS Code\bin;C:\Program Files\JetBrains\IntelliJ IDEA 2023.2.3\bin;;C:\Users\Samuel Baldasso\AppData\Roaming\npm;C:\flutter\bin;;."/>
    <property name="java.vm.info" value="mixed mode, sharing"/>
    <property name="java.vendor" value="Oracle Corporation"/>
    <property name="java.vm.version" value="17.0.9+11-LTS-201"/>
    <property name="sun.io.unicode.encoding" value="UnicodeLittle"/>
    <property name="java.class.version" value="61.0"/>
  </properties>
  <testcase name="contextLoads" classname="com.sbaldass.combo.ComboApplicationTests" time="0.202"/>
</testsuite>